<?xml version="1.0" encoding="UTF-8"?>
<!-- Generated by org.testng.reporters.JUnitReportReporter -->
<testsuite hostname="DESKTOP-PCF7R28" failures="0" tests="1" name="tests.LoginTests" time="7.842" errors="0" timestamp="2025-09-06T00:20:43 IST" skipped="0">
  <testcase classname="tests.LoginTests" name="testValidLogin" time="7.842"/>
</testsuite> <!-- tests.LoginTests -->
