<?xml version="1.0" encoding="UTF-8"?>
<!-- Generated by org.testng.reporters.JUnitReportReporter -->
<testsuite hostname="DESKTOP-PCF7R28" failures="0" tests="1" name="tests.LoginTests" time="6.566" errors="0" timestamp="2025-09-05T23:27:29 IST" skipped="0">
  <testcase classname="tests.LoginTests" name="testValidLogin" time="6.566"/>
</testsuite> <!-- tests.LoginTests -->
