<?xml version="1.0" encoding="UTF-8"?>
<!-- Generated by org.testng.reporters.JUnitReportReporter -->
<testsuite hostname="DESKTOP-PCF7R28" failures="0" tests="1" name="tests.LoginTests" time="10.003" errors="0" timestamp="2025-09-16T11:29:38 IST" skipped="0">
  <testcase classname="tests.LoginTests" name="testValidLogin" time="10.003"/>
</testsuite> <!-- tests.LoginTests -->
